<?xml version="1.0" encoding="UTF-8" ?>
<testsuite tests="4" failures="0" name="com.prateek.test.EmployeeClientTest" time="1.37" errors="0" skipped="0">
  <properties>
[...]
</properties>
  <testcase classname="com.prateek.test.EmployeeClientTest" name="testDeleteEmployeeFunctionality" time="1.114"/>
  <testcase classname="com.prateek.test.EmployeeClientTest" name="testUpdateEmployeeFunctionality" time="0.108"/>
  <testcase classname="com.prateek.test.EmployeeClientTest" name="testGetEmployeesFunctionality" time="0.086"/>
  <testcase classname="com.prateek.test.EmployeeClientTest" name="testCreateEmployeeFunctionality" time="0.062"/>
</testsuite>